<?xml version="1.0" encoding="utf-8"?><testsuites name="pytest tests"><testsuite name="pytest" errors="0" failures="0" skipped="0" tests="66" time="2.675" timestamp="2026-09-25T08:35:42.235919+06:00" hostname="DESKTOP-22FTD6F"><testcase classname="test_token_free_gev.TestTokenFreeStartup" name="test_index_serves_without_token" time="0.018" /><testcase classname="test_token_free_gev.TestTokenFreeStartup" name="test_cesium_runtime_served_locally" time="0.043" /><testcase classname="test_token_free_gev.TestTokenFreeStartup" name="test_cesium_widgets_css_served_locally" time="0.027" /><testcase classname="test_token_free_gev.TestTokenFreeStartup" name="test_spatial_service_module_served" time="0.016" /><testcase classname="test_token_free_gev.TestTokenFreeStartup" name="test_spatial_command_bus_module_served" time="0.030" /><testcase classname="test_token_free_gev.TestTokenFreeStartup" name="test_geojson_data_layer_module_served" time="0.004" /><testcase classname="test_token_free_gev.TestTokenFreeStartup" name="test_osm_building_provider_module_served" time="0.026" /><testcase classname="test_token_free_gev.TestTokenFreeStartup" name="test_free_terrain_provider_module_served" time="0.015" /><testcase classname="test_token_free_gev.TestTokenFreeStartup" name="test_spatial_data_manager_module_served" time="0.004" /><testcase classname="test_token_free_gev.TestTokenFreeStartup" name="test_building_layer_module_served" time="0.026" /><testcase classname="test_token_free_gev.TestTokenFreeStartup" name="test_terrain_availability_module_served" time="0.004" /><testcase classname="test_token_free_gev.TestTokenFreeStartup" name="test_terrain_provider_registry_module_served" time="0.003" /><testcase classname="test_token_free_gev.TestTokenFreeStartup" name="test_imagery_provider_registry_module_served" time="0.021" /><testcase classname="test_token_free_gev.TestTokenFreeStartup" name="test_no_hardcoded_ion_token_in_served_modules" time="0.101" /><testcase classname="test_token_free_gev.TestGeoJSONValidation" name="test_valid_feature_collection" time="0.002" /><testcase classname="test_token_free_gev.TestGeoJSONValidation" name="test_valid_single_feature" time="0.002" /><testcase classname="test_token_free_gev.TestGeoJSONValidation" name="test_valid_linestring" time="0.017" /><testcase classname="test_token_free_gev.TestGeoJSONValidation" name="test_multi_feature_collection" time="0.014" /><testcase classname="test_token_free_gev.TestGeoJSONValidation" name="test_invalid_geojson_type" time="0.004" /><testcase classname="test_token_free_gev.TestGeoJSONValidation" name="test_feature_missing_geometry" time="0.003" /><testcase classname="test_token_free_gev.TestGeoJSONValidation" name="test_empty_feature_collection" time="0.002" /><testcase classname="test_token_free_gev.TestProviderTruthfulness" name="test_spatial_state_endpoint" time="0.002" /><testcase classname="test_token_free_gev.TestProviderTruthfulness" name="test_spatial_health_endpoint" time="0.002" /><testcase classname="test_token_free_gev.TestProviderTruthfulness" name="test_spatial_providers_endpoint" time="0.015" /><testcase classname="test_token_free_gev.TestProviderTruthfulness" name="test_terrain_provider_metadata_in_registry" time="0.005" /><testcase classname="test_token_free_gev.TestCoordinateValidation" name="test_valid_coordinates_accepted" time="0.003" /><testcase classname="test_token_free_gev.TestCoordinateValidation" name="test_zero_coordinates_accepted" time="0.021" /><testcase classname="test_token_free_gev.TestCoordinateValidation" name="test_out_of_range_latitude_rejected" time="0.003" /><testcase classname="test_token_free_gev.TestCoordinateValidation" name="test_out_of_range_longitude_rejected" time="0.026" /><testcase classname="test_token_free_gev.TestCoordinateValidation" name="test_boundary_coordinates_accepted" time="0.003" /><testcase classname="test_token_free_gev.TestCoordinateValidation" name="test_preset_london_resolved" time="0.025" /><testcase classname="test_token_free_gev.TestCoordinateValidation" name="test_preset_new_york_resolved" time="0.015" /><testcase classname="test_token_free_gev.TestSpatialAnalyticsLocal" name="test_distance_measurement" time="0.003" /><testcase classname="test_token_free_gev.TestSpatialAnalyticsLocal" name="test_bearing_calculation" time="0.026" /><testcase classname="test_token_free_gev.TestSpatialAnalyticsLocal" name="test_spatial_context_returns_state" time="0.003" /><testcase classname="test_token_free_gev.TestTokenFreeArchitecture" name="test_building_layer_has_osm_fallback_code" time="0.028" /><testcase classname="test_token_free_gev.TestTokenFreeArchitecture" name="test_command_bus_has_geojson_commands" time="0.030" /><testcase classname="test_token_free_gev.TestTokenFreeArchitecture" name="test_spatial_service_integrates_data_manager" time="0.014" /><testcase classname="test_token_free_gev.TestTokenFreeArchitecture" name="test_geojson_layer_validates_input" time="0.005" /><testcase classname="test_token_free_gev.TestTokenFreeArchitecture" name="test_osm_provider_has_rate_limiting" time="0.003" /><testcase classname="test_token_free_gev.TestTokenFreeArchitecture" name="test_osm_provider_has_attribution" time="0.020" /><testcase classname="test_token_free_gev.TestTokenFreeArchitecture" name="test_free_terrain_provider_lists_options" time="0.004" /><testcase classname="test_token_free_gev.TestTokenFreeArchitecture" name="test_viewer_factory_disables_ion_defaults" time="0.004" /><testcase classname="test_token_free_gev.TestTokenFreeArchitecture" name="test_imagery_uses_free_basemaps" time="0.006" /><testcase classname="test_token_free_gev.TestLayerOperations" name="test_enable_flights_layer" time="0.003" /><testcase classname="test_token_free_gev.TestLayerOperations" name="test_disable_flights_layer" time="0.024" /><testcase classname="test_token_free_gev.TestLayerOperations" name="test_toggle_weather_layer" time="0.014" /><testcase classname="test_token_free_gev.TestLayerOperations" name="test_zoom_to_globe_works" time="0.003" /><testcase classname="test_token_free_gev.TestLayerOperations" name="test_visual_style_switch" time="0.058" /><testcase classname="test_spatial_core" name="test_spatial_query_engine" time="0.001" /><testcase classname="test_spatial_core" name="test_spatial_session" time="0.000" /><testcase classname="test_spatial_core" name="test_spatial_tools_execution" time="0.001" /><testcase classname="test_spatial_core" name="test_provider_manager" time="0.000" /><testcase classname="test_spatial_core" name="test_ai_brain_spatial_intent" time="0.004" /><testcase classname="test_spatial_core" name="test_ai_brain_spatial_tool_execution" time="0.003" /><testcase classname="test_spatial_endpoints" name="test_spatial_command_endpoint" time="0.005" /><testcase classname="test_spatial_endpoints" name="test_spatial_state_endpoint" time="0.003" /><testcase classname="test_spatial_endpoints" name="test_spatial_health_endpoint" time="0.003" /><testcase classname="test_spatial_endpoints" name="test_spatial_session_endpoint" time="0.003" /><testcase classname="test_spatial_endpoints" name="test_spatial_providers_endpoint" time="0.003" /><testcase classname="test_spatial_endpoints" name="test_spatial_query_endpoint" time="0.003" /><testcase classname="test_spatial_v2_architecture" name="test_static_modular_spatial_subsystems" time="0.086" /><testcase classname="test_spatial_v2_architecture" name="test_spatial_analytics_algorithms" time="0.001" /><testcase classname="test_spatial_v2_architecture" name="test_command_bus_contract" time="0.005" /><testcase classname="test_spatial_v2_architecture" name="test_spatial_state_and_layer_registry" time="0.004" /><testcase classname="test_spatial_v2_architecture" name="test_spatial_query_analytics" time="0.004" /></testsuite></testsuites>